<?xml version="1.0" encoding="UTF-8"?>
<testng-results ignored="0" total="1" passed="1" failed="0" skipped="0">
  <reporter-output>
  </reporter-output>
  <suite started-at="2024-03-11T06:29:06 IST" name="Default suite" finished-at="2024-03-11T06:29:06 IST" duration-ms="51">
    <groups>
    </groups>
    <test started-at="2024-03-11T06:29:06 IST" name="Default test" finished-at="2024-03-11T06:29:06 IST" duration-ms="51">
      <class name="TestClass">
        <test-method signature="test1()[pri:0, instance:TestClass@1e1a0406]" started-at="2024-03-11T06:29:06 IST" name="test1" finished-at="2024-03-11T06:29:06 IST" duration-ms="9" status="PASS">
          <reporter-output>
          </reporter-output>
        </test-method> <!-- test1 -->
      </class> <!-- TestClass -->
    </test> <!-- Default test -->
  </suite> <!-- Default suite -->
</testng-results>
